<?xml version="1.0" encoding="UTF-8"?>
<testsuite name="testing.MatrixSumTest" tests="3" skipped="0" failures="0" errors="0" timestamp="2017-10-22T17:41:31" hostname="Simple-and-Nice" time="0.002">
  <properties/>
  <testcase name="createUserMatrix" classname="testing.MatrixSumTest" time="0.002"/>
  <testcase name="calculateSum" classname="testing.MatrixSumTest" time="0.0"/>
  <testcase name="calculateSumNotNull" classname="testing.MatrixSumTest" time="0.0"/>
  <system-out><![CDATA[The start matrix is: 
2 4 1 2 1 
1 0 1 4 4 
0 0 3 3 4 
4 4 4 4 2 
0 0 0 2 3 
The sum on the main diagonal is: 0
The sum above main diagonal is: 0
The sum below main diagonal is: 0
The sum on the main diagonal is: 0
The sum above main diagonal is: 0
The sum below main diagonal is: 0
]]></system-out>
  <system-err><![CDATA[]]></system-err>
</testsuite>
