<?xml version="1.0" encoding="UTF-8"?>
<testsuite name="testing.SortTest" tests="7" skipped="0" failures="0" errors="0" timestamp="2017-10-22T17:41:31" hostname="Simple-and-Nice" time="0.167">
  <properties/>
  <testcase name="oddEvenSortTest" classname="testing.SortTest" time="0.024"/>
  <testcase name="javaUtilSort" classname="testing.SortTest" time="0.039"/>
  <testcase name="combSort" classname="testing.SortTest" time="0.03"/>
  <testcase name="selectionSort" classname="testing.SortTest" time="0.03"/>
  <testcase name="quickSort" classname="testing.SortTest" time="0.012"/>
  <testcase name="bubbleSortTest" classname="testing.SortTest" time="0.014"/>
  <testcase name="cycleSortTest" classname="testing.SortTest" time="0.016"/>
  <system-out><![CDATA[OddEvenSort has executed.
Used memory in bytes: 1983848; in megabytes: 1,891945 
The runtime of bubble sort algorithm is 20 ms

CombSort has executed.
Used memory in bytes: 1986000; in megabytes: 1,893997 
The runtime of comb sort algorithm is 19 ms

JavaUtilSort has executed.
Used memory in bytes: 1985752; in megabytes: 1,893761 
The runtime of dual-pivot sort algorithm is 18 ms

CombSort has executed.
Used memory in bytes: 1986952; in megabytes: 1,894905 
The runtime of comb sort algorithm is 30 ms

SelectionSort has executed.
Used memory in bytes: 1988024; in megabytes: 1,895927 
The runtime of selection sort algorithm is 29 ms

QuickSort has executed.
Used memory in bytes: 1988880; in megabytes: 1,896744 
The runtime of quick sort algorithm is 11 ms

BubbleSort has executed.
Used memory in bytes: 1989664; in megabytes: 1,897491 
The runtime of bubble sort algorithm is 12 ms

CycleSort has executed.
Used memory in bytes: 1990376; in megabytes: 1,898170 
The runtime of cycle sort algorithm is 14 ms

]]></system-out>
  <system-err><![CDATA[]]></system-err>
</testsuite>
