<?xml version="1.0" encoding="UTF-8"?>
<testsuite name="testing.SortingLibraryTest" tests="3" skipped="0" failures="0" errors="0" timestamp="2017-10-22T17:41:31" hostname="Simple-and-Nice" time="0.004">
  <properties/>
  <testcase name="selection" classname="testing.SortingLibraryTest" time="0.002"/>
  <testcase name="bubble" classname="testing.SortingLibraryTest" time="0.001"/>
  <testcase name="insertion" classname="testing.SortingLibraryTest" time="0.001"/>
  <system-out><![CDATA[]]></system-out>
  <system-err><![CDATA[]]></system-err>
</testsuite>
